Error: prompt: non interactive
[2mINFO[0m Proxying postgres to port "16380" with user "pgdb-nvwq9oz88no3kl1e" password "FwogoVHNuAN1DG1USDxSFoE2"
Proxying local port 16380 to remote [fdaa:1c:15a1:0:1::2]:5432
[2mINFO[0m Proxying postgres to port "16380" with user "pgdb-nvwq9oz88no3kl1e" password "FwogoVHNuAN1DG1USDxSFoE2"
Proxying local port 16380 to remote [fdaa:1c:15a1:0:1::2]:5432
[2mINFO[0m Proxying postgres to port "16380" with user "pgdb-nvwq9oz88no3kl1e" password "FwogoVHNuAN1DG1USDxSFoE2"
Error: listen tcp 127.0.0.1:16380: bind: address already in use
[2mINFO[0m Proxying postgres to port "16380" with user "pgdb-nvwq9oz88no3kl1e" password "FwogoVHNuAN1DG1USDxSFoE2"
Error: address 127.0.0.1:5432:16380: too many colons in address
Usage:
  flyctl managed-postgres proxy [flags]

Flags:
  -b, --bind-addr string   Local address to bind to (default "127.0.0.1")
      --cluster string     The target cluster ID
  -h, --help               help for proxy
  -o, --org string         The target Fly.io organization
  -r, --region string      The target region (see 'flyctl platform regions')

Global Flags:
  -t, --access-token string   Fly API Access Token
      --debug                 Print additional logs and traces
      --verbose               Verbose output

Error: unknown flag: --port
[2mINFO[0m Proxying postgres to port "16380" with user "pgdb-nvwq9oz88no3kl1e" password "FwogoVHNuAN1DG1USDxSFoE2"
Error: listen tcp 127.0.0.1:16380: bind: address already in use
[2mINFO[0m Proxying postgres to port "16380" with user "pgdb-nvwq9oz88no3kl1e" password "FwogoVHNuAN1DG1USDxSFoE2"
Error: address 127.0.0.1:15432:16380: too many colons in address
Usage:
  flyctl managed-postgres proxy [flags]

Flags:
  -b, --bind-addr string   Local address to bind to (default "127.0.0.1")
      --cluster string     The target cluster ID
  -h, --help               help for proxy
  -o, --org string         The target Fly.io organization
  -r, --region string      The target region (see 'flyctl platform regions')

Global Flags:
  -t, --access-token string   Fly API Access Token
      --debug                 Print additional logs and traces
      --verbose               Verbose output

Error: unknown flag: --port
[2mINFO[0m Proxying postgres to port "16380" with user "pgdb-nvwq9oz88no3kl1e" password "FwogoVHNuAN1DG1USDxSFoE2"
Error: address :15432:16380: too many colons in address
[2mINFO[0m Proxying postgres to port "16380" with user "pgdb-nvwq9oz88no3kl1e" password "FwogoVHNuAN1DG1USDxSFoE2"
Error: listen tcp 127.0.0.1:16380: bind: address already in use
[2mINFO[0m Proxying postgres to port "16380" with user "pgdb-nvwq9oz88no3kl1e" password "FwogoVHNuAN1DG1USDxSFoE2"
Error: listen tcp 127.0.0.1:16380: bind: address already in use
[2mINFO[0m Proxying postgres to port "16380" with user "pgdb-nvwq9oz88no3kl1e" password "FwogoVHNuAN1DG1USDxSFoE2"
Proxying local port 16380 to remote [fdaa:1c:15a1:0:1::2]:5432
[2mINFO[0m Proxying postgres to port "16380" with user "pgdb-nvwq9oz88no3kl1e" password "FwogoVHNuAN1DG1USDxSFoE2"
Error: listen tcp 127.0.0.1:16380: bind: address already in use
[2mINFO[0m Proxying postgres to port "16380" with user "pgdb-nvwq9oz88no3kl1e" password "FwogoVHNuAN1DG1USDxSFoE2"
Error: listen tcp 127.0.0.1:16380: bind: address already in use
[2mINFO[0m Proxying postgres to port "16380" with user "pgdb-nvwq9oz88no3kl1e" password "FwogoVHNuAN1DG1USDxSFoE2"
Error: listen tcp 127.0.0.1:16380: bind: address already in use
[2mINFO[0m Proxying postgres to port "16380" with user "pgdb-nvwq9oz88no3kl1e" password "FwogoVHNuAN1DG1USDxSFoE2"
Proxying local port 16380 to remote [fdaa:1c:15a1:0:1::2]:5432
[2mINFO[0m Proxying postgres to port "16380" with user "pgdb-nvwq9oz88no3kl1e" password "FwogoVHNuAN1DG1USDxSFoE2"
Proxying local port 16380 to remote [fdaa:1c:15a1:0:1::2]:5432
[2mINFO[0m Proxying postgres to port "16380" with user "pgdb-nvwq9oz88no3kl1e" password "FwogoVHNuAN1DG1USDxSFoE2"
Proxying local port 16380 to remote [fdaa:1c:15a1:0:1::2]:5432
[2mINFO[0m Proxying postgres to port "16380" with user "pgdb-nvwq9oz88no3kl1e" password "FwogoVHNuAN1DG1USDxSFoE2"
Proxying local port 16380 to remote [fdaa:1c:15a1:0:1::2]:5432
[2mINFO[0m Proxying postgres to port "16380" with user "pgdb-nvwq9oz88no3kl1e" password "FwogoVHNuAN1DG1USDxSFoE2"
Error: listen tcp 127.0.0.1:16380: bind: address already in use
[2mINFO[0m Proxying postgres to port "16380" with user "pgdb-nvwq9oz88no3kl1e" password "FwogoVHNuAN1DG1USDxSFoE2"
Proxying local port 16380 to remote [fdaa:1c:15a1:0:1::2]:5432
[2mINFO[0m Proxying postgres to port "16380" with user "pgdb-nvwq9oz88no3kl1e" password "FwogoVHNuAN1DG1USDxSFoE2"
Proxying local port 16380 to remote [fdaa:1c:15a1:0:1::2]:5432
[2mINFO[0m Proxying postgres to port "16380" with user "pgdb-nvwq9oz88no3kl1e" password "FwogoVHNuAN1DG1USDxSFoE2"
Error: listen tcp 127.0.0.1:16380: bind: address already in use
